Determining if the include file bfd.h exists failed with the following output:
Change Dir: /scratch/software/src/pyimager/build/gnu_opt/CMakeFiles/CMakeTmp

Run Build Command:/usr/bin/make "cmTryCompileExec4171203827/fast"
/usr/bin/make -f CMakeFiles/cmTryCompileExec4171203827.dir/build.make CMakeFiles/cmTryCompileExec4171203827.dir/build
make[1]: Entering directory `/scratch/software/src/pyimager/build/gnu_opt/CMakeFiles/CMakeTmp'
/usr/bin/cmake -E cmake_progress_report /scratch/software/src/pyimager/build/gnu_opt/CMakeFiles/CMakeTmp/CMakeFiles 1
Building C object CMakeFiles/cmTryCompileExec4171203827.dir/CheckIncludeFile.c.o
/usr/bin/gcc    -o CMakeFiles/cmTryCompileExec4171203827.dir/CheckIncludeFile.c.o   -c /scratch/software/src/pyimager/build/gnu_opt/CMakeFiles/CMakeTmp/CheckIncludeFile.c
/scratch/software/src/pyimager/build/gnu_opt/CMakeFiles/CMakeTmp/CheckIncludeFile.c:1:17: fatal error: bfd.h: No such file or directory
 #include <bfd.h>
                 ^
compilation terminated.
make[1]: Leaving directory `/scratch/software/src/pyimager/build/gnu_opt/CMakeFiles/CMakeTmp'
make[1]: *** [CMakeFiles/cmTryCompileExec4171203827.dir/CheckIncludeFile.c.o] Error 1
make: *** [cmTryCompileExec4171203827/fast] Error 2


Determining if the include file sys/timepps.h exists failed with the following output:
Change Dir: /scratch/software/src/pyimager/build/gnu_opt/CMakeFiles/CMakeTmp

Run Build Command:/usr/bin/make "cmTryCompileExec1702835077/fast"
/usr/bin/make -f CMakeFiles/cmTryCompileExec1702835077.dir/build.make CMakeFiles/cmTryCompileExec1702835077.dir/build
make[1]: Entering directory `/scratch/software/src/pyimager/build/gnu_opt/CMakeFiles/CMakeTmp'
/usr/bin/cmake -E cmake_progress_report /scratch/software/src/pyimager/build/gnu_opt/CMakeFiles/CMakeTmp/CMakeFiles 1
Building C object CMakeFiles/cmTryCompileExec1702835077.dir/CheckIncludeFile.c.o
/usr/bin/gcc   -fopenmp -pthread    -o CMakeFiles/cmTryCompileExec1702835077.dir/CheckIncludeFile.c.o   -c /scratch/software/src/pyimager/build/gnu_opt/CMakeFiles/CMakeTmp/CheckIncludeFile.c
/scratch/software/src/pyimager/build/gnu_opt/CMakeFiles/CMakeTmp/CheckIncludeFile.c:1:25: fatal error: sys/timepps.h: No such file or directory
 #include <sys/timepps.h>
                         ^
compilation terminated.
make[1]: Leaving directory `/scratch/software/src/pyimager/build/gnu_opt/CMakeFiles/CMakeTmp'
make[1]: *** [CMakeFiles/cmTryCompileExec1702835077.dir/CheckIncludeFile.c.o] Error 1
make: *** [cmTryCompileExec1702835077/fast] Error 2


Determining if the system is big endian passed with the following output:
Change Dir: /scratch/software/src/pyimager/build/gnu_opt/CMakeFiles/CMakeTmp

Run Build Command:/usr/bin/make "cmTryCompileExec1054551275/fast"
/usr/bin/make -f CMakeFiles/cmTryCompileExec1054551275.dir/build.make CMakeFiles/cmTryCompileExec1054551275.dir/build
make[1]: Entering directory `/scratch/software/src/pyimager/build/gnu_opt/CMakeFiles/CMakeTmp'
/usr/bin/cmake -E cmake_progress_report /scratch/software/src/pyimager/build/gnu_opt/CMakeFiles/CMakeTmp/CMakeFiles 1
Building C object CMakeFiles/cmTryCompileExec1054551275.dir/TestEndianess.c.o
/usr/bin/gcc   -fopenmp -pthread    -o CMakeFiles/cmTryCompileExec1054551275.dir/TestEndianess.c.o   -c /scratch/software/src/pyimager/build/gnu_opt/CMakeFiles/CMakeTmp/TestEndianess.c
Linking C executable cmTryCompileExec1054551275
/usr/bin/cmake -E cmake_link_script CMakeFiles/cmTryCompileExec1054551275.dir/link.txt --verbose=1
/usr/bin/gcc   -fopenmp -pthread     CMakeFiles/cmTryCompileExec1054551275.dir/TestEndianess.c.o  -o cmTryCompileExec1054551275 -rdynamic 
make[1]: Leaving directory `/scratch/software/src/pyimager/build/gnu_opt/CMakeFiles/CMakeTmp'

TestEndianess.c:
/* A 16 bit integer is required. */
typedef unsigned short cmakeint16;

/* On a little endian machine, these 16bit ints will give "THIS IS LITTLE ENDIAN."
   On a big endian machine the characters will be exchanged pairwise. */
const cmakeint16 info_little[] =  {0x4854, 0x5349, 0x4920, 0x2053, 0x494c, 0x5454, 0x454c, 0x4520, 0x444e, 0x4149, 0x2e4e, 0x0000};

/* on a big endian machine, these 16bit ints will give "THIS IS BIG ENDIAN."
   On a little endian machine the characters will be exchanged pairwise. */
const cmakeint16 info_big[] =     {0x5448, 0x4953, 0x2049, 0x5320, 0x4249, 0x4720, 0x454e, 0x4449, 0x414e, 0x2e2e, 0x0000};

#ifdef __CLASSIC_C__
int main(argc, argv) int argc; char *argv[];
#else
int main(int argc, char *argv[])
#endif
{
  int require = 0;
  require += info_little[argc];
  require += info_big[argc];
  (void)argv;
  return require;
}


